<?xml version="1.0" encoding="UTF-8"?>
<testsuite name="com.example.AppTest" tests="2" skipped="0" failures="0" errors="0" timestamp="2025-07-14T13:22:31" hostname="Mac" time="0.013">
  <properties/>
  <testcase name="Test main method runs without errors" classname="com.example.AppTest" time="0.012"/>
  <testcase name="Test basic functionality" classname="com.example.AppTest" time="0.0"/>
  <system-out><![CDATA[=== Superman Java Project ===
Hello, Java in Cursor!
Welcome Developer! You're using Java 21
Nice to meet you, Developer!

=== LeetCode Solutions ===
Running LeetCode: Add Two Numbers
Example: 342 + 465 = 807
Input:  l1 = [2,4,3], l2 = [5,6,4]
Output: [7,0,8]
✓ Solution working correctly!
]]></system-out>
  <system-err><![CDATA[]]></system-err>
</testsuite>
